<?xml version="1.0" encoding="UTF-8"?>
<!-- Generated by org.testng.reporters.JUnitXMLReporter -->
<testsuite ignored="0" hostname="DESKTOP-FKNOICC" failures="0" tests="4" name="Default test" time="32.711" errors="0" timestamp="2024-04-22T23:29:17 EET">
  <testcase classname="execution.loginexecution" name="validLogin" time="2.406"/>
  <testcase classname="execution.loginexecution" name="invalidLogin" time="1.892"/>
  <testcase classname="execution.loginexecution" name="invalidLogin2" time="1.477"/>
  <testcase classname="execution.loginexecution" name="invalidLogin3" time="1.337"/>
</testsuite> <!-- Default test -->
