<?xml version="1.0" encoding="UTF-8"?>
<testng-results ignored="0" total="4" passed="4" failed="0" skipped="0">
  <reporter-output>
  </reporter-output>
  <suite started-at="2024-04-22T23:28:44 EET" name="Default suite" finished-at="2024-04-22T23:29:17 EET" duration-ms="32711">
    <groups>
    </groups>
    <test started-at="2024-04-22T23:28:44 EET" name="Default test" finished-at="2024-04-22T23:29:17 EET" duration-ms="32711">
      <class name="execution.loginexecution">
        <test-method is-config="true" signature="beforeMethod()[pri:0, instance:execution.loginexecution@25fb8912]" started-at="2024-04-22T23:28:45 EET" name="beforeMethod" finished-at="2024-04-22T23:28:52 EET" duration-ms="7810" status="PASS">
          <reporter-output>
          </reporter-output>
        </test-method> <!-- beforeMethod -->
        <test-method signature="validLogin(java.lang.String,java.lang.String)[pri:1, instance:execution.loginexecution@25fb8912]" started-at="2024-04-22T23:28:52 EET" name="validLogin" data-provider="loginData" finished-at="2024-04-22T23:28:55 EET" duration-ms="2406" status="PASS">
          <params>
            <param index="0">
              <value>
                <![CDATA[Moamen.Ramadan@gmail.com]]>
              </value>
            </param>
            <param index="1">
              <value>
                <![CDATA[123456789]]>
              </value>
            </param>
          </params>
          <reporter-output>
          </reporter-output>
        </test-method> <!-- validLogin -->
        <test-method is-config="true" signature="afterMethod()[pri:0, instance:execution.loginexecution@25fb8912]" started-at="2024-04-22T23:28:55 EET" name="afterMethod" finished-at="2024-04-22T23:28:55 EET" duration-ms="438" status="PASS">
          <reporter-output>
          </reporter-output>
        </test-method> <!-- afterMethod -->
        <test-method is-config="true" signature="beforeMethod()[pri:0, instance:execution.loginexecution@25fb8912]" started-at="2024-04-22T23:28:55 EET" name="beforeMethod" finished-at="2024-04-22T23:29:01 EET" duration-ms="5306" status="PASS">
          <reporter-output>
          </reporter-output>
        </test-method> <!-- beforeMethod -->
        <test-method signature="invalidLogin(java.lang.String,java.lang.String)[pri:2, instance:execution.loginexecution@25fb8912]" started-at="2024-04-22T23:29:01 EET" name="invalidLogin" data-provider="loginData" finished-at="2024-04-22T23:29:02 EET" duration-ms="1892" status="PASS">
          <params>
            <param index="0">
              <value>
                <![CDATA[Moamen.Ramadan@gmail.com]]>
              </value>
            </param>
            <param index="1">
              <value>
                <![CDATA[123456789]]>
              </value>
            </param>
          </params>
          <reporter-output>
          </reporter-output>
        </test-method> <!-- invalidLogin -->
        <test-method is-config="true" signature="afterMethod()[pri:0, instance:execution.loginexecution@25fb8912]" started-at="2024-04-22T23:29:02 EET" name="afterMethod" finished-at="2024-04-22T23:29:03 EET" duration-ms="358" status="PASS">
          <reporter-output>
          </reporter-output>
        </test-method> <!-- afterMethod -->
        <test-method is-config="true" signature="beforeMethod()[pri:0, instance:execution.loginexecution@25fb8912]" started-at="2024-04-22T23:29:03 EET" name="beforeMethod" finished-at="2024-04-22T23:29:08 EET" duration-ms="5226" status="PASS">
          <reporter-output>
          </reporter-output>
        </test-method> <!-- beforeMethod -->
        <test-method signature="invalidLogin2(java.lang.String,java.lang.String)[pri:3, instance:execution.loginexecution@25fb8912]" started-at="2024-04-22T23:29:08 EET" name="invalidLogin2" data-provider="loginData" finished-at="2024-04-22T23:29:10 EET" duration-ms="1477" status="PASS">
          <params>
            <param index="0">
              <value>
                <![CDATA[Moamen.Ramadan@gmail.com]]>
              </value>
            </param>
            <param index="1">
              <value>
                <![CDATA[123456789]]>
              </value>
            </param>
          </params>
          <reporter-output>
          </reporter-output>
        </test-method> <!-- invalidLogin2 -->
        <test-method is-config="true" signature="afterMethod()[pri:0, instance:execution.loginexecution@25fb8912]" started-at="2024-04-22T23:29:10 EET" name="afterMethod" finished-at="2024-04-22T23:29:10 EET" duration-ms="391" status="PASS">
          <reporter-output>
          </reporter-output>
        </test-method> <!-- afterMethod -->
        <test-method is-config="true" signature="beforeMethod()[pri:0, instance:execution.loginexecution@25fb8912]" started-at="2024-04-22T23:29:10 EET" name="beforeMethod" finished-at="2024-04-22T23:29:15 EET" duration-ms="5381" status="PASS">
          <reporter-output>
          </reporter-output>
        </test-method> <!-- beforeMethod -->
        <test-method signature="invalidLogin3(java.lang.String,java.lang.String)[pri:4, instance:execution.loginexecution@25fb8912]" started-at="2024-04-22T23:29:15 EET" name="invalidLogin3" data-provider="loginData" finished-at="2024-04-22T23:29:17 EET" duration-ms="1337" status="PASS">
          <params>
            <param index="0">
              <value>
                <![CDATA[Moamen.Ramadan@gmail.com]]>
              </value>
            </param>
            <param index="1">
              <value>
                <![CDATA[123456789]]>
              </value>
            </param>
          </params>
          <reporter-output>
          </reporter-output>
        </test-method> <!-- invalidLogin3 -->
        <test-method is-config="true" signature="afterMethod()[pri:0, instance:execution.loginexecution@25fb8912]" started-at="2024-04-22T23:29:17 EET" name="afterMethod" finished-at="2024-04-22T23:29:17 EET" duration-ms="381" status="PASS">
          <reporter-output>
          </reporter-output>
        </test-method> <!-- afterMethod -->
      </class> <!-- execution.loginexecution -->
    </test> <!-- Default test -->
  </suite> <!-- Default suite -->
</testng-results>
